android/app/build/intermediates/manifest_merge_blame_file/debug/manifest-merger-blame-debug-report.txt
1<?xml version="1.0" encoding="utf-8"?>
2<manifest xmlns:android="http://schemas.android.com/apk/res/android"
3    package="com.notifica"
4    android:versionCode="1"
5    android:versionName="1.0" >
6
7    <uses-sdk
8        android:minSdkVersion="21"
9        android:targetSdkVersion="33" />
10
11    <uses-permission android:name="android.permission.SYSTEM_ALERT_WINDOW" />
11-->src\debug\AndroidManifest.xml:5:5-77
11-->src\debug\AndroidManifest.xml:5:22-75
12    <uses-permission android:name="android.permission.INTERNET" />
12-->src\main\AndroidManifest.xml:3:5-67
12-->src\main\AndroidManifest.xml:3:22-64
13    <uses-permission android:name="android.permission.ACCESS_WIFI_STATE" />
13-->[com.facebook.flipper:flipper:0.125.0] AndroidManifest.xml:16:5-76
13-->[com.facebook.flipper:flipper:0.125.0] AndroidManifest.xml:16:22-73
14    <uses-permission android:name="android.permission.ACCESS_NETWORK_STATE" />
14-->[com.google.firebase:firebase-messaging:23.1.2] AndroidManifest.xml:24:5-79
14-->[com.google.firebase:firebase-messaging:23.1.2] AndroidManifest.xml:24:22-76
15    <uses-permission android:name="android.permission.POST_NOTIFICATIONS" />
15-->[com.google.firebase:firebase-messaging:23.1.2] AndroidManifest.xml:25:5-77
15-->[com.google.firebase:firebase-messaging:23.1.2] AndroidManifest.xml:25:22-74
16    <uses-permission android:name="android.permission.WAKE_LOCK" /> <!-- Required by older versions of Google Play services to create IID tokens -->
16-->[com.google.firebase:firebase-messaging:23.1.2] AndroidManifest.xml:26:5-68
16-->[com.google.firebase:firebase-messaging:23.1.2] AndroidManifest.xml:26:22-65
17    <uses-permission android:name="com.google.android.c2dm.permission.RECEIVE" /> <!-- for android -->
17-->[com.google.firebase:firebase-messaging:23.1.2] AndroidManifest.xml:28:5-82
17-->[com.google.firebase:firebase-messaging:23.1.2] AndroidManifest.xml:28:22-79
18    <!-- <uses-permission android:name="com.android.launcher.permission.READ_SETTINGS"/> -->
19    <!-- <uses-permission android:name="com.android.launcher.permission.WRITE_SETTINGS"/> -->
20    <!-- <uses-permission android:name="com.android.launcher.permission.INSTALL_SHORTCUT" /> -->
21    <!-- <uses-permission android:name="com.android.launcher.permission.UNINSTALL_SHORTCUT" /> -->
22    <!-- for Samsung -->
23    <uses-permission android:name="com.sec.android.provider.badge.permission.READ" />
23-->[me.leolin:ShortcutBadger:1.1.22] AndroidManifest.xml:19:5-86
23-->[me.leolin:ShortcutBadger:1.1.22] AndroidManifest.xml:19:22-83
24    <uses-permission android:name="com.sec.android.provider.badge.permission.WRITE" /> <!-- for htc -->
24-->[me.leolin:ShortcutBadger:1.1.22] AndroidManifest.xml:20:5-87
24-->[me.leolin:ShortcutBadger:1.1.22] AndroidManifest.xml:20:22-84
25    <uses-permission android:name="com.htc.launcher.permission.READ_SETTINGS" />
25-->[me.leolin:ShortcutBadger:1.1.22] AndroidManifest.xml:23:5-81
25-->[me.leolin:ShortcutBadger:1.1.22] AndroidManifest.xml:23:22-78
26    <uses-permission android:name="com.htc.launcher.permission.UPDATE_SHORTCUT" /> <!-- for sony -->
26-->[me.leolin:ShortcutBadger:1.1.22] AndroidManifest.xml:24:5-83
26-->[me.leolin:ShortcutBadger:1.1.22] AndroidManifest.xml:24:22-80
27    <uses-permission android:name="com.sonyericsson.home.permission.BROADCAST_BADGE" />
27-->[me.leolin:ShortcutBadger:1.1.22] AndroidManifest.xml:27:5-88
27-->[me.leolin:ShortcutBadger:1.1.22] AndroidManifest.xml:27:22-85
28    <uses-permission android:name="com.sonymobile.home.permission.PROVIDER_INSERT_BADGE" /> <!-- for apex -->
28-->[me.leolin:ShortcutBadger:1.1.22] AndroidManifest.xml:28:5-92
28-->[me.leolin:ShortcutBadger:1.1.22] AndroidManifest.xml:28:22-89
29    <uses-permission android:name="com.anddoes.launcher.permission.UPDATE_COUNT" /> <!-- for solid -->
29-->[me.leolin:ShortcutBadger:1.1.22] AndroidManifest.xml:31:5-84
29-->[me.leolin:ShortcutBadger:1.1.22] AndroidManifest.xml:31:22-81
30    <uses-permission android:name="com.majeur.launcher.permission.UPDATE_BADGE" /> <!-- for huawei -->
30-->[me.leolin:ShortcutBadger:1.1.22] AndroidManifest.xml:34:5-83
30-->[me.leolin:ShortcutBadger:1.1.22] AndroidManifest.xml:34:22-80
31    <uses-permission android:name="com.huawei.android.launcher.permission.CHANGE_BADGE" />
31-->[me.leolin:ShortcutBadger:1.1.22] AndroidManifest.xml:37:5-91
31-->[me.leolin:ShortcutBadger:1.1.22] AndroidManifest.xml:37:22-88
32    <uses-permission android:name="com.huawei.android.launcher.permission.READ_SETTINGS" />
32-->[me.leolin:ShortcutBadger:1.1.22] AndroidManifest.xml:38:5-92
32-->[me.leolin:ShortcutBadger:1.1.22] AndroidManifest.xml:38:22-89
33    <uses-permission android:name="com.huawei.android.launcher.permission.WRITE_SETTINGS" /> <!-- for ZUK -->
33-->[me.leolin:ShortcutBadger:1.1.22] AndroidManifest.xml:39:5-93
33-->[me.leolin:ShortcutBadger:1.1.22] AndroidManifest.xml:39:22-90
34    <uses-permission android:name="android.permission.READ_APP_BADGE" /> <!-- for OPPO -->
34-->[me.leolin:ShortcutBadger:1.1.22] AndroidManifest.xml:42:5-73
34-->[me.leolin:ShortcutBadger:1.1.22] AndroidManifest.xml:42:22-70
35    <uses-permission android:name="com.oppo.launcher.permission.READ_SETTINGS" />
35-->[me.leolin:ShortcutBadger:1.1.22] AndroidManifest.xml:45:5-82
35-->[me.leolin:ShortcutBadger:1.1.22] AndroidManifest.xml:45:22-79
36    <uses-permission android:name="com.oppo.launcher.permission.WRITE_SETTINGS" /> <!-- for EvMe -->
36-->[me.leolin:ShortcutBadger:1.1.22] AndroidManifest.xml:46:5-83
36-->[me.leolin:ShortcutBadger:1.1.22] AndroidManifest.xml:46:22-80
37    <uses-permission android:name="me.everything.badger.permission.BADGE_COUNT_READ" />
37-->[me.leolin:ShortcutBadger:1.1.22] AndroidManifest.xml:49:5-88
37-->[me.leolin:ShortcutBadger:1.1.22] AndroidManifest.xml:49:22-85
38    <uses-permission android:name="me.everything.badger.permission.BADGE_COUNT_WRITE" />
38-->[me.leolin:ShortcutBadger:1.1.22] AndroidManifest.xml:50:5-89
38-->[me.leolin:ShortcutBadger:1.1.22] AndroidManifest.xml:50:22-86
39
40    <application
40-->src\main\AndroidManifest.xml:5:5-24:19
41        android:name="com.notifica.MainApplication"
41-->src\main\AndroidManifest.xml:6:7-38
42        android:allowBackup="false"
42-->src\main\AndroidManifest.xml:10:7-34
43        android:appComponentFactory="androidx.core.app.CoreComponentFactory"
43-->[androidx.core:core:1.7.0] AndroidManifest.xml:24:18-86
44        android:debuggable="true"
45        android:icon="@mipmap/ic_launcher"
45-->src\main\AndroidManifest.xml:8:7-41
46        android:label="@string/app_name"
46-->src\main\AndroidManifest.xml:7:7-39
47        android:roundIcon="@mipmap/ic_launcher_round"
47-->src\main\AndroidManifest.xml:9:7-52
48        android:theme="@style/AppTheme"
48-->src\main\AndroidManifest.xml:11:7-38
49        android:usesCleartextTraffic="true" >
49-->src\debug\AndroidManifest.xml:8:9-44
50        <activity
50-->src\debug\AndroidManifest.xml:11:9-111
51            android:name="com.facebook.react.devsupport.DevSettingsActivity"
51-->src\debug\AndroidManifest.xml:11:19-83
52            android:exported="false" />
52-->src\debug\AndroidManifest.xml:11:84-108
53        <activity
53-->src\main\AndroidManifest.xml:12:7-23:18
54            android:name="com.notifica.MainActivity"
54-->src\main\AndroidManifest.xml:13:9-37
55            android:configChanges="keyboard|keyboardHidden|orientation|screenLayout|screenSize|smallestScreenSize|uiMode"
55-->src\main\AndroidManifest.xml:15:9-118
56            android:exported="true"
56-->src\main\AndroidManifest.xml:18:9-32
57            android:label="@string/app_name"
57-->src\main\AndroidManifest.xml:14:9-41
58            android:launchMode="singleTask"
58-->src\main\AndroidManifest.xml:16:9-40
59            android:windowSoftInputMode="adjustResize" >
59-->src\main\AndroidManifest.xml:17:9-51
60            <intent-filter>
60-->src\main\AndroidManifest.xml:19:9-22:25
61                <action android:name="android.intent.action.MAIN" />
61-->src\main\AndroidManifest.xml:20:13-65
61-->src\main\AndroidManifest.xml:20:21-62
62
63                <category android:name="android.intent.category.LAUNCHER" />
63-->src\main\AndroidManifest.xml:21:13-73
63-->src\main\AndroidManifest.xml:21:23-70
64            </intent-filter>
65        </activity>
66
67        <receiver
67-->[com.google.firebase:firebase-messaging:23.1.2] AndroidManifest.xml:31:9-38:20
68            android:name="com.google.firebase.iid.FirebaseInstanceIdReceiver"
68-->[com.google.firebase:firebase-messaging:23.1.2] AndroidManifest.xml:32:13-78
69            android:exported="true"
69-->[com.google.firebase:firebase-messaging:23.1.2] AndroidManifest.xml:33:13-36
70            android:permission="com.google.android.c2dm.permission.SEND" >
70-->[com.google.firebase:firebase-messaging:23.1.2] AndroidManifest.xml:34:13-73
71            <intent-filter>
71-->[com.google.firebase:firebase-messaging:23.1.2] AndroidManifest.xml:35:13-37:29
72                <action android:name="com.google.android.c2dm.intent.RECEIVE" />
72-->[com.google.firebase:firebase-messaging:23.1.2] AndroidManifest.xml:36:17-81
72-->[com.google.firebase:firebase-messaging:23.1.2] AndroidManifest.xml:36:25-78
73            </intent-filter>
74        </receiver>
75        <!--
76             FirebaseMessagingService performs security checks at runtime,
77             but set to not exported to explicitly avoid allowing another app to call it.
78        -->
79        <service
79-->[com.google.firebase:firebase-messaging:23.1.2] AndroidManifest.xml:44:9-51:19
80            android:name="com.google.firebase.messaging.FirebaseMessagingService"
80-->[com.google.firebase:firebase-messaging:23.1.2] AndroidManifest.xml:45:13-82
81            android:directBootAware="true"
81-->[com.google.firebase:firebase-messaging:23.1.2] AndroidManifest.xml:46:13-43
82            android:exported="false" >
82-->[com.google.firebase:firebase-messaging:23.1.2] AndroidManifest.xml:47:13-37
83            <intent-filter android:priority="-500" >
83-->[com.google.firebase:firebase-messaging:23.1.2] AndroidManifest.xml:48:13-50:29
83-->[com.google.firebase:firebase-messaging:23.1.2] AndroidManifest.xml:48:28-51
84                <action android:name="com.google.firebase.MESSAGING_EVENT" />
84-->[com.google.firebase:firebase-messaging:23.1.2] AndroidManifest.xml:49:17-78
84-->[com.google.firebase:firebase-messaging:23.1.2] AndroidManifest.xml:49:25-75
85            </intent-filter>
86        </service>
87        <service
87-->[com.google.firebase:firebase-messaging:23.1.2] AndroidManifest.xml:52:9-58:19
88            android:name="com.google.firebase.components.ComponentDiscoveryService"
88-->[com.google.firebase:firebase-messaging:23.1.2] AndroidManifest.xml:53:13-84
89            android:directBootAware="true"
89-->[com.google.firebase:firebase-common:20.3.2] AndroidManifest.xml:34:13-43
90            android:exported="false" >
90-->[com.google.firebase:firebase-messaging:23.1.2] AndroidManifest.xml:54:13-37
91            <meta-data
91-->[com.google.firebase:firebase-messaging:23.1.2] AndroidManifest.xml:55:13-57:85
92                android:name="com.google.firebase.components:com.google.firebase.messaging.FirebaseMessagingRegistrar"
92-->[com.google.firebase:firebase-messaging:23.1.2] AndroidManifest.xml:56:17-119
93                android:value="com.google.firebase.components.ComponentRegistrar" />
93-->[com.google.firebase:firebase-messaging:23.1.2] AndroidManifest.xml:57:17-82
94            <meta-data
94-->[com.google.firebase:firebase-datatransport:18.1.7] AndroidManifest.xml:27:13-29:85
95                android:name="com.google.firebase.components:com.google.firebase.datatransport.TransportRegistrar"
95-->[com.google.firebase:firebase-datatransport:18.1.7] AndroidManifest.xml:28:17-115
96                android:value="com.google.firebase.components.ComponentRegistrar" />
96-->[com.google.firebase:firebase-datatransport:18.1.7] AndroidManifest.xml:29:17-82
97            <meta-data
97-->[com.google.firebase:firebase-installations:17.1.3] AndroidManifest.xml:17:13-19:85
98                android:name="com.google.firebase.components:com.google.firebase.installations.FirebaseInstallationsRegistrar"
98-->[com.google.firebase:firebase-installations:17.1.3] AndroidManifest.xml:18:17-127
99                android:value="com.google.firebase.components.ComponentRegistrar" />
99-->[com.google.firebase:firebase-installations:17.1.3] AndroidManifest.xml:19:17-82
100        </service>
101        <service
101-->[com.google.android.datatransport:transport-backend-cct:3.1.8] AndroidManifest.xml:28:9-34:19
102            android:name="com.google.android.datatransport.runtime.backends.TransportBackendDiscovery"
102-->[com.google.android.datatransport:transport-backend-cct:3.1.8] AndroidManifest.xml:29:13-103
103            android:exported="false" >
103-->[com.google.android.datatransport:transport-backend-cct:3.1.8] AndroidManifest.xml:30:13-37
104            <meta-data
104-->[com.google.android.datatransport:transport-backend-cct:3.1.8] AndroidManifest.xml:31:13-33:39
105                android:name="backend:com.google.android.datatransport.cct.CctBackendFactory"
105-->[com.google.android.datatransport:transport-backend-cct:3.1.8] AndroidManifest.xml:32:17-94
106                android:value="cct" />
106-->[com.google.android.datatransport:transport-backend-cct:3.1.8] AndroidManifest.xml:33:17-36
107        </service>
108        <service
108-->[com.google.android.datatransport:transport-runtime:3.1.8] AndroidManifest.xml:26:9-30:19
109            android:name="com.google.android.datatransport.runtime.scheduling.jobscheduling.JobInfoSchedulerService"
109-->[com.google.android.datatransport:transport-runtime:3.1.8] AndroidManifest.xml:27:13-117
110            android:exported="false"
110-->[com.google.android.datatransport:transport-runtime:3.1.8] AndroidManifest.xml:28:13-37
111            android:permission="android.permission.BIND_JOB_SERVICE" >
111-->[com.google.android.datatransport:transport-runtime:3.1.8] AndroidManifest.xml:29:13-69
112        </service>
113
114        <receiver
114-->[com.google.android.datatransport:transport-runtime:3.1.8] AndroidManifest.xml:32:9-34:40
115            android:name="com.google.android.datatransport.runtime.scheduling.jobscheduling.AlarmManagerSchedulerBroadcastReceiver"
115-->[com.google.android.datatransport:transport-runtime:3.1.8] AndroidManifest.xml:33:13-132
116            android:exported="false" />
116-->[com.google.android.datatransport:transport-runtime:3.1.8] AndroidManifest.xml:34:13-37
117
118        <provider
118-->[com.google.firebase:firebase-common:20.3.2] AndroidManifest.xml:25:9-30:39
119            android:name="com.google.firebase.provider.FirebaseInitProvider"
119-->[com.google.firebase:firebase-common:20.3.2] AndroidManifest.xml:26:13-77
120            android:authorities="com.notifica.firebaseinitprovider"
120-->[com.google.firebase:firebase-common:20.3.2] AndroidManifest.xml:27:13-72
121            android:directBootAware="true"
121-->[com.google.firebase:firebase-common:20.3.2] AndroidManifest.xml:28:13-43
122            android:exported="false"
122-->[com.google.firebase:firebase-common:20.3.2] AndroidManifest.xml:29:13-37
123            android:initOrder="100" />
123-->[com.google.firebase:firebase-common:20.3.2] AndroidManifest.xml:30:13-36
124
125        <activity
125-->[com.google.android.gms:play-services-base:18.0.1] AndroidManifest.xml:20:9-22:45
126            android:name="com.google.android.gms.common.api.GoogleApiActivity"
126-->[com.google.android.gms:play-services-base:18.0.1] AndroidManifest.xml:20:19-85
127            android:exported="false"
127-->[com.google.android.gms:play-services-base:18.0.1] AndroidManifest.xml:22:19-43
128            android:theme="@android:style/Theme.Translucent.NoTitleBar" />
128-->[com.google.android.gms:play-services-base:18.0.1] AndroidManifest.xml:21:19-78
129
130        <meta-data
130-->[com.google.android.gms:play-services-basement:18.1.0] AndroidManifest.xml:21:9-23:69
131            android:name="com.google.android.gms.version"
131-->[com.google.android.gms:play-services-basement:18.1.0] AndroidManifest.xml:22:13-58
132            android:value="@integer/google_play_services_version" />
132-->[com.google.android.gms:play-services-basement:18.1.0] AndroidManifest.xml:23:13-66
133
134        <provider
134-->[androidx.emoji2:emoji2:1.0.0] AndroidManifest.xml:26:9-34:20
135            android:name="androidx.startup.InitializationProvider"
135-->[androidx.emoji2:emoji2:1.0.0] AndroidManifest.xml:27:13-67
136            android:authorities="com.notifica.androidx-startup"
136-->[androidx.emoji2:emoji2:1.0.0] AndroidManifest.xml:28:13-68
137            android:exported="false" >
137-->[androidx.emoji2:emoji2:1.0.0] AndroidManifest.xml:29:13-37
138            <meta-data
138-->[androidx.emoji2:emoji2:1.0.0] AndroidManifest.xml:31:13-33:52
139                android:name="androidx.emoji2.text.EmojiCompatInitializer"
139-->[androidx.emoji2:emoji2:1.0.0] AndroidManifest.xml:32:17-75
140                android:value="androidx.startup" />
140-->[androidx.emoji2:emoji2:1.0.0] AndroidManifest.xml:33:17-49
141            <meta-data
141-->[androidx.lifecycle:lifecycle-process:2.4.0] AndroidManifest.xml:31:13-33:52
142                android:name="androidx.lifecycle.ProcessLifecycleInitializer"
142-->[androidx.lifecycle:lifecycle-process:2.4.0] AndroidManifest.xml:32:17-78
143                android:value="androidx.startup" />
143-->[androidx.lifecycle:lifecycle-process:2.4.0] AndroidManifest.xml:33:17-49
144        </provider>
145    </application>
146
147</manifest>